ERROR - 2024-08-27 14:43:59 --> mysqli_sql_exception: Cannot delete or update a parent row: a foreign key constraint fails (`persediaan`.`do`, CONSTRAINT `do_dibuat_oleh_foreign` FOREIGN KEY (`dibuat_oleh`) REFERENCES `pengguna` (`id`)) in /var/www/html/lti-inventori/vendor/codeigniter4/framework/system/Database/MySQLi/Connection.php:306
Stack trace:
#0 /var/www/html/lti-inventori/vendor/codeigniter4/framework/system/Database/MySQLi/Connection.php(306): mysqli->query()
#1 /var/www/html/lti-inventori/vendor/codeigniter4/framework/system/Database/BaseConnection.php(693): CodeIgniter\Database\MySQLi\Connection->execute()
#2 /var/www/html/lti-inventori/vendor/codeigniter4/framework/system/Database/BaseConnection.php(607): CodeIgniter\Database\BaseConnection->simpleQuery()
#3 /var/www/html/lti-inventori/vendor/codeigniter4/framework/system/Database/BaseBuilder.php(2787): CodeIgniter\Database\BaseConnection->query()
#4 /var/www/html/lti-inventori/vendor/codeigniter4/framework/system/Model.php(454): CodeIgniter\Database\BaseBuilder->delete()
#5 /var/www/html/lti-inventori/vendor/codeigniter4/framework/system/BaseModel.php(1117): CodeIgniter\Model->doDelete()
#6 /var/www/html/lti-inventori/app/Controllers/Pengguna.php(166): CodeIgniter\BaseModel->delete()
#7 /var/www/html/lti-inventori/vendor/codeigniter4/framework/system/CodeIgniter.php(943): App\Controllers\Pengguna->delete()
#8 /var/www/html/lti-inventori/vendor/codeigniter4/framework/system/CodeIgniter.php(503): CodeIgniter\CodeIgniter->runController()
#9 /var/www/html/lti-inventori/vendor/codeigniter4/framework/system/CodeIgniter.php(361): CodeIgniter\CodeIgniter->handleRequest()
#10 /var/www/html/lti-inventori/public/index.php(79): CodeIgniter\CodeIgniter->run()
#11 {main}
CRITICAL - 2024-08-27 14:43:59 --> CodeIgniter\Database\Exceptions\DatabaseException: Cannot delete or update a parent row: a foreign key constraint fails (`persediaan`.`do`, CONSTRAINT `do_dibuat_oleh_foreign` FOREIGN KEY (`dibuat_oleh`) REFERENCES `pengguna` (`id`))
in SYSTEMPATH/Database/BaseConnection.php on line 647.
 1 SYSTEMPATH/Database/BaseBuilder.php(2787): CodeIgniter\Database\BaseConnection->query()
 2 SYSTEMPATH/Model.php(454): CodeIgniter\Database\BaseBuilder->delete()
 3 SYSTEMPATH/BaseModel.php(1117): CodeIgniter\Model->doDelete()
 4 APPPATH/Controllers/Pengguna.php(166): CodeIgniter\BaseModel->delete()
 5 SYSTEMPATH/CodeIgniter.php(943): App\Controllers\Pengguna->delete()
 6 SYSTEMPATH/CodeIgniter.php(503): CodeIgniter\CodeIgniter->runController()
 7 SYSTEMPATH/CodeIgniter.php(361): CodeIgniter\CodeIgniter->handleRequest()
 8 FCPATH/index.php(79): CodeIgniter\CodeIgniter->run()
CRITICAL - 2024-08-27 14:43:59 --> [Caused by] CodeIgniter\Database\Exceptions\DatabaseException: Cannot delete or update a parent row: a foreign key constraint fails (`persediaan`.`do`, CONSTRAINT `do_dibuat_oleh_foreign` FOREIGN KEY (`dibuat_oleh`) REFERENCES `pengguna` (`id`))
in SYSTEMPATH/Database/MySQLi/Connection.php on line 311.
 1 SYSTEMPATH/Database/BaseConnection.php(693): CodeIgniter\Database\MySQLi\Connection->execute()
 2 SYSTEMPATH/Database/BaseConnection.php(607): CodeIgniter\Database\BaseConnection->simpleQuery()
 3 SYSTEMPATH/Database/BaseBuilder.php(2787): CodeIgniter\Database\BaseConnection->query()
 4 SYSTEMPATH/Model.php(454): CodeIgniter\Database\BaseBuilder->delete()
 5 SYSTEMPATH/BaseModel.php(1117): CodeIgniter\Model->doDelete()
 6 APPPATH/Controllers/Pengguna.php(166): CodeIgniter\BaseModel->delete()
 7 SYSTEMPATH/CodeIgniter.php(943): App\Controllers\Pengguna->delete()
 8 SYSTEMPATH/CodeIgniter.php(503): CodeIgniter\CodeIgniter->runController()
 9 SYSTEMPATH/CodeIgniter.php(361): CodeIgniter\CodeIgniter->handleRequest()
10 FCPATH/index.php(79): CodeIgniter\CodeIgniter->run()
CRITICAL - 2024-08-27 14:43:59 --> [Caused by] mysqli_sql_exception: Cannot delete or update a parent row: a foreign key constraint fails (`persediaan`.`do`, CONSTRAINT `do_dibuat_oleh_foreign` FOREIGN KEY (`dibuat_oleh`) REFERENCES `pengguna` (`id`))
in SYSTEMPATH/Database/MySQLi/Connection.php on line 306.
 1 SYSTEMPATH/Database/MySQLi/Connection.php(306): mysqli->query()
 2 SYSTEMPATH/Database/BaseConnection.php(693): CodeIgniter\Database\MySQLi\Connection->execute()
 3 SYSTEMPATH/Database/BaseConnection.php(607): CodeIgniter\Database\BaseConnection->simpleQuery()
 4 SYSTEMPATH/Database/BaseBuilder.php(2787): CodeIgniter\Database\BaseConnection->query()
 5 SYSTEMPATH/Model.php(454): CodeIgniter\Database\BaseBuilder->delete()
 6 SYSTEMPATH/BaseModel.php(1117): CodeIgniter\Model->doDelete()
 7 APPPATH/Controllers/Pengguna.php(166): CodeIgniter\BaseModel->delete()
 8 SYSTEMPATH/CodeIgniter.php(943): App\Controllers\Pengguna->delete()
 9 SYSTEMPATH/CodeIgniter.php(503): CodeIgniter\CodeIgniter->runController()
10 SYSTEMPATH/CodeIgniter.php(361): CodeIgniter\CodeIgniter->handleRequest()
11 FCPATH/index.php(79): CodeIgniter\CodeIgniter->run()
