INFO - 2024-07-17 03:30:09 --> Session: Class initialized using 'CodeIgniter\Session\Handlers\FileHandler' driver.
INFO - 2024-07-17 03:30:09 --> Session: Class initialized using 'CodeIgniter\Session\Handlers\FileHandler' driver.
INFO - 2024-07-17 03:36:02 --> Session: Class initialized using 'CodeIgniter\Session\Handlers\FileHandler' driver.
INFO - 2024-07-17 03:36:03 --> Session: Class initialized using 'CodeIgniter\Session\Handlers\FileHandler' driver.
INFO - 2024-07-17 03:36:12 --> Session: Class initialized using 'CodeIgniter\Session\Handlers\FileHandler' driver.
INFO - 2024-07-17 03:36:12 --> Session: Class initialized using 'CodeIgniter\Session\Handlers\FileHandler' driver.
INFO - 2024-07-17 03:36:26 --> Session: Class initialized using 'CodeIgniter\Session\Handlers\FileHandler' driver.
INFO - 2024-07-17 03:36:26 --> Session: Class initialized using 'CodeIgniter\Session\Handlers\FileHandler' driver.
INFO - 2024-07-17 03:36:31 --> Session: Class initialized using 'CodeIgniter\Session\Handlers\FileHandler' driver.
INFO - 2024-07-17 03:36:36 --> Session: Class initialized using 'CodeIgniter\Session\Handlers\FileHandler' driver.
INFO - 2024-07-17 03:38:16 --> Session: Class initialized using 'CodeIgniter\Session\Handlers\FileHandler' driver.
INFO - 2024-07-17 03:38:20 --> Session: Class initialized using 'CodeIgniter\Session\Handlers\FileHandler' driver.
INFO - 2024-07-17 03:38:26 --> Session: Class initialized using 'CodeIgniter\Session\Handlers\FileHandler' driver.
INFO - 2024-07-17 03:38:29 --> Session: Class initialized using 'CodeIgniter\Session\Handlers\FileHandler' driver.
INFO - 2024-07-17 03:38:49 --> Session: Class initialized using 'CodeIgniter\Session\Handlers\FileHandler' driver.
INFO - 2024-07-17 03:38:51 --> Session: Class initialized using 'CodeIgniter\Session\Handlers\FileHandler' driver.
INFO - 2024-07-17 03:39:09 --> Session: Class initialized using 'CodeIgniter\Session\Handlers\FileHandler' driver.
INFO - 2024-07-17 03:39:17 --> Session: Class initialized using 'CodeIgniter\Session\Handlers\FileHandler' driver.
INFO - 2024-07-17 03:39:27 --> Session: Class initialized using 'CodeIgniter\Session\Handlers\FileHandler' driver.
INFO - 2024-07-17 03:39:35 --> Session: Class initialized using 'CodeIgniter\Session\Handlers\FileHandler' driver.
INFO - 2024-07-17 03:39:37 --> Session: Class initialized using 'CodeIgniter\Session\Handlers\FileHandler' driver.
INFO - 2024-07-17 03:39:39 --> Session: Class initialized using 'CodeIgniter\Session\Handlers\FileHandler' driver.
INFO - 2024-07-17 03:39:41 --> Session: Class initialized using 'CodeIgniter\Session\Handlers\FileHandler' driver.
INFO - 2024-07-17 03:39:42 --> Session: Class initialized using 'CodeIgniter\Session\Handlers\FileHandler' driver.
INFO - 2024-07-17 03:39:58 --> Session: Class initialized using 'CodeIgniter\Session\Handlers\FileHandler' driver.
INFO - 2024-07-17 03:40:05 --> Session: Class initialized using 'CodeIgniter\Session\Handlers\FileHandler' driver.
INFO - 2024-07-17 04:15:06 --> Session: Class initialized using 'CodeIgniter\Session\Handlers\FileHandler' driver.
INFO - 2024-07-17 04:16:34 --> Session: Class initialized using 'CodeIgniter\Session\Handlers\FileHandler' driver.
INFO - 2024-07-17 04:16:36 --> Session: Class initialized using 'CodeIgniter\Session\Handlers\FileHandler' driver.
INFO - 2024-07-17 04:16:42 --> Session: Class initialized using 'CodeIgniter\Session\Handlers\FileHandler' driver.
INFO - 2024-07-17 04:16:45 --> Session: Class initialized using 'CodeIgniter\Session\Handlers\FileHandler' driver.
INFO - 2024-07-17 04:18:12 --> Session: Class initialized using 'CodeIgniter\Session\Handlers\FileHandler' driver.
INFO - 2024-07-17 04:18:25 --> Session: Class initialized using 'CodeIgniter\Session\Handlers\FileHandler' driver.
INFO - 2024-07-17 04:18:26 --> Session: Class initialized using 'CodeIgniter\Session\Handlers\FileHandler' driver.
INFO - 2024-07-17 04:18:29 --> Session: Class initialized using 'CodeIgniter\Session\Handlers\FileHandler' driver.
INFO - 2024-07-17 04:18:33 --> Session: Class initialized using 'CodeIgniter\Session\Handlers\FileHandler' driver.
INFO - 2024-07-17 04:18:40 --> Session: Class initialized using 'CodeIgniter\Session\Handlers\FileHandler' driver.
INFO - 2024-07-17 04:18:49 --> Session: Class initialized using 'CodeIgniter\Session\Handlers\FileHandler' driver.
INFO - 2024-07-17 04:18:52 --> Session: Class initialized using 'CodeIgniter\Session\Handlers\FileHandler' driver.
INFO - 2024-07-17 04:18:58 --> Session: Class initialized using 'CodeIgniter\Session\Handlers\FileHandler' driver.
INFO - 2024-07-17 04:19:16 --> Session: Class initialized using 'CodeIgniter\Session\Handlers\FileHandler' driver.
ERROR - 2024-07-17 04:19:16 --> mysqli_sql_exception: Unknown column 'po.tgl_po' in 'field list' in C:\xampp\htdocs\lti-inventori\vendor\codeigniter4\framework\system\Database\MySQLi\Connection.php:306
Stack trace:
#0 C:\xampp\htdocs\lti-inventori\vendor\codeigniter4\framework\system\Database\MySQLi\Connection.php(306): mysqli->query('SELECT `po`.`tg...', 0)
#1 C:\xampp\htdocs\lti-inventori\vendor\codeigniter4\framework\system\Database\BaseConnection.php(693): CodeIgniter\Database\MySQLi\Connection->execute('SELECT `po`.`tg...')
#2 C:\xampp\htdocs\lti-inventori\vendor\codeigniter4\framework\system\Database\BaseConnection.php(607): CodeIgniter\Database\BaseConnection->simpleQuery('SELECT `po`.`tg...')
#3 C:\xampp\htdocs\lti-inventori\vendor\codeigniter4\framework\system\Database\BaseBuilder.php(1616): CodeIgniter\Database\BaseConnection->query('SELECT `po`.`tg...', Array, false)
#4 C:\xampp\htdocs\lti-inventori\vendor\codeigniter4\framework\system\Model.php(271): CodeIgniter\Database\BaseBuilder->get()
#5 C:\xampp\htdocs\lti-inventori\vendor\codeigniter4\framework\system\BaseModel.php(676): CodeIgniter\Model->doFirst()
#6 C:\xampp\htdocs\lti-inventori\app\Models\ModelPo.php(38): CodeIgniter\BaseModel->first()
#7 C:\xampp\htdocs\lti-inventori\app\Controllers\Po.php(32): App\Models\ModelPo->getPoPemasokById('3')
#8 C:\xampp\htdocs\lti-inventori\vendor\codeigniter4\framework\system\CodeIgniter.php(943): App\Controllers\Po->generate_pdf('3')
#9 C:\xampp\htdocs\lti-inventori\vendor\codeigniter4\framework\system\CodeIgniter.php(503): CodeIgniter\CodeIgniter->runController(Object(App\Controllers\Po))
#10 C:\xampp\htdocs\lti-inventori\vendor\codeigniter4\framework\system\CodeIgniter.php(361): CodeIgniter\CodeIgniter->handleRequest(NULL, Object(Config\Cache), false)
#11 C:\xampp\htdocs\lti-inventori\public\index.php(79): CodeIgniter\CodeIgniter->run()
#12 {main}
CRITICAL - 2024-07-17 04:19:16 --> CodeIgniter\Database\Exceptions\DatabaseException: Unknown column 'po.tgl_po' in 'field list'
in SYSTEMPATH\Database\BaseConnection.php on line 647.
 1 SYSTEMPATH\Database\BaseBuilder.php(1616): CodeIgniter\Database\BaseConnection->query('SELECT `po`.`tgl_po`, `po`.`no_po`, `po`.`dibeli_oleh`, `pemasok`.`nama`, `pemasok`.`alamat`, `pemasok`.`attn`, `pemasok`.`email`
FROM `po_pemasok`
JOIN `pemasok` ON `pemasok`.`id` = `po`.`id_pemasok`
WHERE `po`.`id` = :po.id:
 LIMIT 1', [...], false)
 2 SYSTEMPATH\Model.php(271): CodeIgniter\Database\BaseBuilder->get()
 3 SYSTEMPATH\BaseModel.php(676): CodeIgniter\Model->doFirst()
 4 APPPATH\Models\ModelPo.php(38): CodeIgniter\BaseModel->first()
 5 APPPATH\Controllers\Po.php(32): App\Models\ModelPo->getPoPemasokById('3')
 6 SYSTEMPATH\CodeIgniter.php(943): App\Controllers\Po->generate_pdf('3')
 7 SYSTEMPATH\CodeIgniter.php(503): CodeIgniter\CodeIgniter->runController(Object(App\Controllers\Po))
 8 SYSTEMPATH\CodeIgniter.php(361): CodeIgniter\CodeIgniter->handleRequest(null, Object(Config\Cache), false)
 9 FCPATH\index.php(79): CodeIgniter\CodeIgniter->run()
CRITICAL - 2024-07-17 04:19:16 --> [Caused by] CodeIgniter\Database\Exceptions\DatabaseException: Unknown column 'po.tgl_po' in 'field list'
in SYSTEMPATH\Database\MySQLi\Connection.php on line 311.
 1 SYSTEMPATH\Database\BaseConnection.php(693): CodeIgniter\Database\MySQLi\Connection->execute('SELECT `po`.`tgl_po`, `po`.`no_po`, `po`.`dibeli_oleh`, `pemasok`.`nama`, `pemasok`.`alamat`, `pemasok`.`attn`, `pemasok`.`email`
FROM `po_pemasok`
JOIN `pemasok` ON `pemasok`.`id` = `po`.`id_pemasok`
WHERE `po`.`id` = \'3\'
 LIMIT 1')
 2 SYSTEMPATH\Database\BaseConnection.php(607): CodeIgniter\Database\BaseConnection->simpleQuery('SELECT `po`.`tgl_po`, `po`.`no_po`, `po`.`dibeli_oleh`, `pemasok`.`nama`, `pemasok`.`alamat`, `pemasok`.`attn`, `pemasok`.`email`
FROM `po_pemasok`
JOIN `pemasok` ON `pemasok`.`id` = `po`.`id_pemasok`
WHERE `po`.`id` = \'3\'
 LIMIT 1')
 3 SYSTEMPATH\Database\BaseBuilder.php(1616): CodeIgniter\Database\BaseConnection->query('SELECT `po`.`tgl_po`, `po`.`no_po`, `po`.`dibeli_oleh`, `pemasok`.`nama`, `pemasok`.`alamat`, `pemasok`.`attn`, `pemasok`.`email`
FROM `po_pemasok`
JOIN `pemasok` ON `pemasok`.`id` = `po`.`id_pemasok`
WHERE `po`.`id` = :po.id:
 LIMIT 1', [...], false)
 4 SYSTEMPATH\Model.php(271): CodeIgniter\Database\BaseBuilder->get()
 5 SYSTEMPATH\BaseModel.php(676): CodeIgniter\Model->doFirst()
 6 APPPATH\Models\ModelPo.php(38): CodeIgniter\BaseModel->first()
 7 APPPATH\Controllers\Po.php(32): App\Models\ModelPo->getPoPemasokById('3')
 8 SYSTEMPATH\CodeIgniter.php(943): App\Controllers\Po->generate_pdf('3')
 9 SYSTEMPATH\CodeIgniter.php(503): CodeIgniter\CodeIgniter->runController(Object(App\Controllers\Po))
10 SYSTEMPATH\CodeIgniter.php(361): CodeIgniter\CodeIgniter->handleRequest(null, Object(Config\Cache), false)
11 FCPATH\index.php(79): CodeIgniter\CodeIgniter->run()
CRITICAL - 2024-07-17 04:19:16 --> [Caused by] mysqli_sql_exception: Unknown column 'po.tgl_po' in 'field list'
in SYSTEMPATH\Database\MySQLi\Connection.php on line 306.
 1 SYSTEMPATH\Database\MySQLi\Connection.php(306): mysqli->query('SELECT `po`.`tgl_po`, `po`.`no_po`, `po`.`dibeli_oleh`, `pemasok`.`nama`, `pemasok`.`alamat`, `pemasok`.`attn`, `pemasok`.`email`
FROM `po_pemasok`
JOIN `pemasok` ON `pemasok`.`id` = `po`.`id_pemasok`
WHERE `po`.`id` = \'3\'
 LIMIT 1', 0)
 2 SYSTEMPATH\Database\BaseConnection.php(693): CodeIgniter\Database\MySQLi\Connection->execute('SELECT `po`.`tgl_po`, `po`.`no_po`, `po`.`dibeli_oleh`, `pemasok`.`nama`, `pemasok`.`alamat`, `pemasok`.`attn`, `pemasok`.`email`
FROM `po_pemasok`
JOIN `pemasok` ON `pemasok`.`id` = `po`.`id_pemasok`
WHERE `po`.`id` = \'3\'
 LIMIT 1')
 3 SYSTEMPATH\Database\BaseConnection.php(607): CodeIgniter\Database\BaseConnection->simpleQuery('SELECT `po`.`tgl_po`, `po`.`no_po`, `po`.`dibeli_oleh`, `pemasok`.`nama`, `pemasok`.`alamat`, `pemasok`.`attn`, `pemasok`.`email`
FROM `po_pemasok`
JOIN `pemasok` ON `pemasok`.`id` = `po`.`id_pemasok`
WHERE `po`.`id` = \'3\'
 LIMIT 1')
 4 SYSTEMPATH\Database\BaseBuilder.php(1616): CodeIgniter\Database\BaseConnection->query('SELECT `po`.`tgl_po`, `po`.`no_po`, `po`.`dibeli_oleh`, `pemasok`.`nama`, `pemasok`.`alamat`, `pemasok`.`attn`, `pemasok`.`email`
FROM `po_pemasok`
JOIN `pemasok` ON `pemasok`.`id` = `po`.`id_pemasok`
WHERE `po`.`id` = :po.id:
 LIMIT 1', [...], false)
 5 SYSTEMPATH\Model.php(271): CodeIgniter\Database\BaseBuilder->get()
 6 SYSTEMPATH\BaseModel.php(676): CodeIgniter\Model->doFirst()
 7 APPPATH\Models\ModelPo.php(38): CodeIgniter\BaseModel->first()
 8 APPPATH\Controllers\Po.php(32): App\Models\ModelPo->getPoPemasokById('3')
 9 SYSTEMPATH\CodeIgniter.php(943): App\Controllers\Po->generate_pdf('3')
10 SYSTEMPATH\CodeIgniter.php(503): CodeIgniter\CodeIgniter->runController(Object(App\Controllers\Po))
11 SYSTEMPATH\CodeIgniter.php(361): CodeIgniter\CodeIgniter->handleRequest(null, Object(Config\Cache), false)
12 FCPATH\index.php(79): CodeIgniter\CodeIgniter->run()
INFO - 2024-07-17 04:19:40 --> Session: Class initialized using 'CodeIgniter\Session\Handlers\FileHandler' driver.
INFO - 2024-07-17 04:20:50 --> Session: Class initialized using 'CodeIgniter\Session\Handlers\FileHandler' driver.
INFO - 2024-07-17 04:23:53 --> Session: Class initialized using 'CodeIgniter\Session\Handlers\FileHandler' driver.
INFO - 2024-07-17 04:23:53 --> Session: Class initialized using 'CodeIgniter\Session\Handlers\FileHandler' driver.
INFO - 2024-07-17 04:24:01 --> Session: Class initialized using 'CodeIgniter\Session\Handlers\FileHandler' driver.
INFO - 2024-07-17 04:24:02 --> Session: Class initialized using 'CodeIgniter\Session\Handlers\FileHandler' driver.
INFO - 2024-07-17 04:24:05 --> Session: Class initialized using 'CodeIgniter\Session\Handlers\FileHandler' driver.
INFO - 2024-07-17 04:24:14 --> Session: Class initialized using 'CodeIgniter\Session\Handlers\FileHandler' driver.
INFO - 2024-07-17 04:24:20 --> Session: Class initialized using 'CodeIgniter\Session\Handlers\FileHandler' driver.
INFO - 2024-07-17 04:24:56 --> Session: Class initialized using 'CodeIgniter\Session\Handlers\FileHandler' driver.
INFO - 2024-07-17 04:24:56 --> Session: Class initialized using 'CodeIgniter\Session\Handlers\FileHandler' driver.
INFO - 2024-07-17 04:25:07 --> Session: Class initialized using 'CodeIgniter\Session\Handlers\FileHandler' driver.
INFO - 2024-07-17 04:25:43 --> Session: Class initialized using 'CodeIgniter\Session\Handlers\FileHandler' driver.
INFO - 2024-07-17 04:25:50 --> Session: Class initialized using 'CodeIgniter\Session\Handlers\FileHandler' driver.
INFO - 2024-07-17 04:25:51 --> Session: Class initialized using 'CodeIgniter\Session\Handlers\FileHandler' driver.
INFO - 2024-07-17 04:25:58 --> Session: Class initialized using 'CodeIgniter\Session\Handlers\FileHandler' driver.
INFO - 2024-07-17 04:26:05 --> Session: Class initialized using 'CodeIgniter\Session\Handlers\FileHandler' driver.
INFO - 2024-07-17 04:26:06 --> Session: Class initialized using 'CodeIgniter\Session\Handlers\FileHandler' driver.
INFO - 2024-07-17 04:26:25 --> Session: Class initialized using 'CodeIgniter\Session\Handlers\FileHandler' driver.
INFO - 2024-07-17 04:26:29 --> Session: Class initialized using 'CodeIgniter\Session\Handlers\FileHandler' driver.
INFO - 2024-07-17 04:26:58 --> Session: Class initialized using 'CodeIgniter\Session\Handlers\FileHandler' driver.
INFO - 2024-07-17 04:26:58 --> Session: Class initialized using 'CodeIgniter\Session\Handlers\FileHandler' driver.
INFO - 2024-07-17 04:27:03 --> Session: Class initialized using 'CodeIgniter\Session\Handlers\FileHandler' driver.
ERROR - 2024-07-17 04:27:03 --> mysqli_sql_exception: Unknown column 'po.no_po' in 'field list' in C:\xampp\htdocs\lti-inventori\vendor\codeigniter4\framework\system\Database\MySQLi\Connection.php:306
Stack trace:
#0 C:\xampp\htdocs\lti-inventori\vendor\codeigniter4\framework\system\Database\MySQLi\Connection.php(306): mysqli->query('SELECT `po_pema...', 0)
#1 C:\xampp\htdocs\lti-inventori\vendor\codeigniter4\framework\system\Database\BaseConnection.php(693): CodeIgniter\Database\MySQLi\Connection->execute('SELECT `po_pema...')
#2 C:\xampp\htdocs\lti-inventori\vendor\codeigniter4\framework\system\Database\BaseConnection.php(607): CodeIgniter\Database\BaseConnection->simpleQuery('SELECT `po_pema...')
#3 C:\xampp\htdocs\lti-inventori\vendor\codeigniter4\framework\system\Database\BaseBuilder.php(1616): CodeIgniter\Database\BaseConnection->query('SELECT `po_pema...', Array, false)
#4 C:\xampp\htdocs\lti-inventori\vendor\codeigniter4\framework\system\Model.php(271): CodeIgniter\Database\BaseBuilder->get()
#5 C:\xampp\htdocs\lti-inventori\vendor\codeigniter4\framework\system\BaseModel.php(676): CodeIgniter\Model->doFirst()
#6 C:\xampp\htdocs\lti-inventori\app\Models\ModelPo.php(38): CodeIgniter\BaseModel->first()
#7 C:\xampp\htdocs\lti-inventori\app\Controllers\Po.php(32): App\Models\ModelPo->getPoPemasokById('6')
#8 C:\xampp\htdocs\lti-inventori\vendor\codeigniter4\framework\system\CodeIgniter.php(943): App\Controllers\Po->generate_pdf('6')
#9 C:\xampp\htdocs\lti-inventori\vendor\codeigniter4\framework\system\CodeIgniter.php(503): CodeIgniter\CodeIgniter->runController(Object(App\Controllers\Po))
#10 C:\xampp\htdocs\lti-inventori\vendor\codeigniter4\framework\system\CodeIgniter.php(361): CodeIgniter\CodeIgniter->handleRequest(NULL, Object(Config\Cache), false)
#11 C:\xampp\htdocs\lti-inventori\public\index.php(79): CodeIgniter\CodeIgniter->run()
#12 {main}
CRITICAL - 2024-07-17 04:27:03 --> CodeIgniter\Database\Exceptions\DatabaseException: Unknown column 'po.no_po' in 'field list'
in SYSTEMPATH\Database\BaseConnection.php on line 647.
 1 SYSTEMPATH\Database\BaseBuilder.php(1616): CodeIgniter\Database\BaseConnection->query('SELECT `po_pemasok`.`tgl_po`, `po`.`no_po`, `po`.`dibeli_oleh`, `pemasok`.`nama`, `pemasok`.`alamat`, `pemasok`.`attn`, `pemasok`.`email`
FROM `po_pemasok`
JOIN `pemasok` ON `pemasok`.`id` = `po`.`id_pemasok`
WHERE `po_pemasok`.`id` = :po_pemasok.id:
 LIMIT 1', [...], false)
 2 SYSTEMPATH\Model.php(271): CodeIgniter\Database\BaseBuilder->get()
 3 SYSTEMPATH\BaseModel.php(676): CodeIgniter\Model->doFirst()
 4 APPPATH\Models\ModelPo.php(38): CodeIgniter\BaseModel->first()
 5 APPPATH\Controllers\Po.php(32): App\Models\ModelPo->getPoPemasokById('6')
 6 SYSTEMPATH\CodeIgniter.php(943): App\Controllers\Po->generate_pdf('6')
 7 SYSTEMPATH\CodeIgniter.php(503): CodeIgniter\CodeIgniter->runController(Object(App\Controllers\Po))
 8 SYSTEMPATH\CodeIgniter.php(361): CodeIgniter\CodeIgniter->handleRequest(null, Object(Config\Cache), false)
 9 FCPATH\index.php(79): CodeIgniter\CodeIgniter->run()
CRITICAL - 2024-07-17 04:27:03 --> [Caused by] CodeIgniter\Database\Exceptions\DatabaseException: Unknown column 'po.no_po' in 'field list'
in SYSTEMPATH\Database\MySQLi\Connection.php on line 311.
 1 SYSTEMPATH\Database\BaseConnection.php(693): CodeIgniter\Database\MySQLi\Connection->execute('SELECT `po_pemasok`.`tgl_po`, `po`.`no_po`, `po`.`dibeli_oleh`, `pemasok`.`nama`, `pemasok`.`alamat`, `pemasok`.`attn`, `pemasok`.`email`
FROM `po_pemasok`
JOIN `pemasok` ON `pemasok`.`id` = `po`.`id_pemasok`
WHERE `po_pemasok`.`id` = \'6\'
 LIMIT 1')
 2 SYSTEMPATH\Database\BaseConnection.php(607): CodeIgniter\Database\BaseConnection->simpleQuery('SELECT `po_pemasok`.`tgl_po`, `po`.`no_po`, `po`.`dibeli_oleh`, `pemasok`.`nama`, `pemasok`.`alamat`, `pemasok`.`attn`, `pemasok`.`email`
FROM `po_pemasok`
JOIN `pemasok` ON `pemasok`.`id` = `po`.`id_pemasok`
WHERE `po_pemasok`.`id` = \'6\'
 LIMIT 1')
 3 SYSTEMPATH\Database\BaseBuilder.php(1616): CodeIgniter\Database\BaseConnection->query('SELECT `po_pemasok`.`tgl_po`, `po`.`no_po`, `po`.`dibeli_oleh`, `pemasok`.`nama`, `pemasok`.`alamat`, `pemasok`.`attn`, `pemasok`.`email`
FROM `po_pemasok`
JOIN `pemasok` ON `pemasok`.`id` = `po`.`id_pemasok`
WHERE `po_pemasok`.`id` = :po_pemasok.id:
 LIMIT 1', [...], false)
 4 SYSTEMPATH\Model.php(271): CodeIgniter\Database\BaseBuilder->get()
 5 SYSTEMPATH\BaseModel.php(676): CodeIgniter\Model->doFirst()
 6 APPPATH\Models\ModelPo.php(38): CodeIgniter\BaseModel->first()
 7 APPPATH\Controllers\Po.php(32): App\Models\ModelPo->getPoPemasokById('6')
 8 SYSTEMPATH\CodeIgniter.php(943): App\Controllers\Po->generate_pdf('6')
 9 SYSTEMPATH\CodeIgniter.php(503): CodeIgniter\CodeIgniter->runController(Object(App\Controllers\Po))
10 SYSTEMPATH\CodeIgniter.php(361): CodeIgniter\CodeIgniter->handleRequest(null, Object(Config\Cache), false)
11 FCPATH\index.php(79): CodeIgniter\CodeIgniter->run()
CRITICAL - 2024-07-17 04:27:03 --> [Caused by] mysqli_sql_exception: Unknown column 'po.no_po' in 'field list'
in SYSTEMPATH\Database\MySQLi\Connection.php on line 306.
 1 SYSTEMPATH\Database\MySQLi\Connection.php(306): mysqli->query('SELECT `po_pemasok`.`tgl_po`, `po`.`no_po`, `po`.`dibeli_oleh`, `pemasok`.`nama`, `pemasok`.`alamat`, `pemasok`.`attn`, `pemasok`.`email`
FROM `po_pemasok`
JOIN `pemasok` ON `pemasok`.`id` = `po`.`id_pemasok`
WHERE `po_pemasok`.`id` = \'6\'
 LIMIT 1', 0)
 2 SYSTEMPATH\Database\BaseConnection.php(693): CodeIgniter\Database\MySQLi\Connection->execute('SELECT `po_pemasok`.`tgl_po`, `po`.`no_po`, `po`.`dibeli_oleh`, `pemasok`.`nama`, `pemasok`.`alamat`, `pemasok`.`attn`, `pemasok`.`email`
FROM `po_pemasok`
JOIN `pemasok` ON `pemasok`.`id` = `po`.`id_pemasok`
WHERE `po_pemasok`.`id` = \'6\'
 LIMIT 1')
 3 SYSTEMPATH\Database\BaseConnection.php(607): CodeIgniter\Database\BaseConnection->simpleQuery('SELECT `po_pemasok`.`tgl_po`, `po`.`no_po`, `po`.`dibeli_oleh`, `pemasok`.`nama`, `pemasok`.`alamat`, `pemasok`.`attn`, `pemasok`.`email`
FROM `po_pemasok`
JOIN `pemasok` ON `pemasok`.`id` = `po`.`id_pemasok`
WHERE `po_pemasok`.`id` = \'6\'
 LIMIT 1')
 4 SYSTEMPATH\Database\BaseBuilder.php(1616): CodeIgniter\Database\BaseConnection->query('SELECT `po_pemasok`.`tgl_po`, `po`.`no_po`, `po`.`dibeli_oleh`, `pemasok`.`nama`, `pemasok`.`alamat`, `pemasok`.`attn`, `pemasok`.`email`
FROM `po_pemasok`
JOIN `pemasok` ON `pemasok`.`id` = `po`.`id_pemasok`
WHERE `po_pemasok`.`id` = :po_pemasok.id:
 LIMIT 1', [...], false)
 5 SYSTEMPATH\Model.php(271): CodeIgniter\Database\BaseBuilder->get()
 6 SYSTEMPATH\BaseModel.php(676): CodeIgniter\Model->doFirst()
 7 APPPATH\Models\ModelPo.php(38): CodeIgniter\BaseModel->first()
 8 APPPATH\Controllers\Po.php(32): App\Models\ModelPo->getPoPemasokById('6')
 9 SYSTEMPATH\CodeIgniter.php(943): App\Controllers\Po->generate_pdf('6')
10 SYSTEMPATH\CodeIgniter.php(503): CodeIgniter\CodeIgniter->runController(Object(App\Controllers\Po))
11 SYSTEMPATH\CodeIgniter.php(361): CodeIgniter\CodeIgniter->handleRequest(null, Object(Config\Cache), false)
12 FCPATH\index.php(79): CodeIgniter\CodeIgniter->run()
INFO - 2024-07-17 04:28:44 --> Session: Class initialized using 'CodeIgniter\Session\Handlers\FileHandler' driver.
INFO - 2024-07-17 04:29:02 --> Session: Class initialized using 'CodeIgniter\Session\Handlers\FileHandler' driver.
INFO - 2024-07-17 14:44:40 --> Session: Class initialized using 'CodeIgniter\Session\Handlers\FileHandler' driver.
INFO - 2024-07-17 14:44:40 --> Session: Class initialized using 'CodeIgniter\Session\Handlers\FileHandler' driver.
INFO - 2024-07-17 15:28:44 --> Session: Class initialized using 'CodeIgniter\Session\Handlers\FileHandler' driver.
INFO - 2024-07-17 15:28:51 --> Session: Class initialized using 'CodeIgniter\Session\Handlers\FileHandler' driver.
INFO - 2024-07-17 15:28:52 --> Session: Class initialized using 'CodeIgniter\Session\Handlers\FileHandler' driver.
INFO - 2024-07-17 15:28:56 --> Session: Class initialized using 'CodeIgniter\Session\Handlers\FileHandler' driver.
INFO - 2024-07-17 15:28:57 --> Session: Class initialized using 'CodeIgniter\Session\Handlers\FileHandler' driver.
INFO - 2024-07-17 15:29:00 --> Session: Class initialized using 'CodeIgniter\Session\Handlers\FileHandler' driver.
INFO - 2024-07-17 15:29:04 --> Session: Class initialized using 'CodeIgniter\Session\Handlers\FileHandler' driver.
INFO - 2024-07-17 15:29:04 --> Session: Class initialized using 'CodeIgniter\Session\Handlers\FileHandler' driver.
INFO - 2024-07-17 15:29:10 --> Session: Class initialized using 'CodeIgniter\Session\Handlers\FileHandler' driver.
INFO - 2024-07-17 15:29:58 --> Session: Class initialized using 'CodeIgniter\Session\Handlers\FileHandler' driver.
INFO - 2024-07-17 15:30:39 --> Session: Class initialized using 'CodeIgniter\Session\Handlers\FileHandler' driver.
INFO - 2024-07-17 15:30:45 --> Session: Class initialized using 'CodeIgniter\Session\Handlers\FileHandler' driver.
INFO - 2024-07-17 15:31:18 --> Session: Class initialized using 'CodeIgniter\Session\Handlers\FileHandler' driver.
INFO - 2024-07-17 15:31:22 --> Session: Class initialized using 'CodeIgniter\Session\Handlers\FileHandler' driver.
INFO - 2024-07-17 15:31:34 --> Session: Class initialized using 'CodeIgniter\Session\Handlers\FileHandler' driver.
INFO - 2024-07-17 15:31:48 --> Session: Class initialized using 'CodeIgniter\Session\Handlers\FileHandler' driver.
INFO - 2024-07-17 15:34:15 --> Session: Class initialized using 'CodeIgniter\Session\Handlers\FileHandler' driver.
INFO - 2024-07-17 15:34:17 --> Session: Class initialized using 'CodeIgniter\Session\Handlers\FileHandler' driver.
INFO - 2024-07-17 15:34:25 --> Session: Class initialized using 'CodeIgniter\Session\Handlers\FileHandler' driver.
INFO - 2024-07-17 15:34:28 --> Session: Class initialized using 'CodeIgniter\Session\Handlers\FileHandler' driver.
INFO - 2024-07-17 15:34:48 --> Session: Class initialized using 'CodeIgniter\Session\Handlers\FileHandler' driver.
INFO - 2024-07-17 15:34:56 --> Session: Class initialized using 'CodeIgniter\Session\Handlers\FileHandler' driver.
INFO - 2024-07-17 15:35:24 --> Session: Class initialized using 'CodeIgniter\Session\Handlers\FileHandler' driver.
INFO - 2024-07-17 15:35:42 --> Session: Class initialized using 'CodeIgniter\Session\Handlers\FileHandler' driver.
INFO - 2024-07-17 15:36:18 --> Session: Class initialized using 'CodeIgniter\Session\Handlers\FileHandler' driver.
INFO - 2024-07-17 15:36:20 --> Session: Class initialized using 'CodeIgniter\Session\Handlers\FileHandler' driver.
INFO - 2024-07-17 15:36:22 --> Session: Class initialized using 'CodeIgniter\Session\Handlers\FileHandler' driver.
INFO - 2024-07-17 15:36:25 --> Session: Class initialized using 'CodeIgniter\Session\Handlers\FileHandler' driver.
INFO - 2024-07-17 15:36:28 --> Session: Class initialized using 'CodeIgniter\Session\Handlers\FileHandler' driver.
INFO - 2024-07-17 15:36:29 --> Session: Class initialized using 'CodeIgniter\Session\Handlers\FileHandler' driver.
INFO - 2024-07-17 15:36:29 --> Session: Class initialized using 'CodeIgniter\Session\Handlers\FileHandler' driver.
INFO - 2024-07-17 15:36:31 --> Session: Class initialized using 'CodeIgniter\Session\Handlers\FileHandler' driver.
INFO - 2024-07-17 15:36:31 --> Session: Class initialized using 'CodeIgniter\Session\Handlers\FileHandler' driver.
INFO - 2024-07-17 15:36:44 --> Session: Class initialized using 'CodeIgniter\Session\Handlers\FileHandler' driver.
INFO - 2024-07-17 15:36:46 --> Session: Class initialized using 'CodeIgniter\Session\Handlers\FileHandler' driver.
INFO - 2024-07-17 15:36:49 --> Session: Class initialized using 'CodeIgniter\Session\Handlers\FileHandler' driver.
INFO - 2024-07-17 15:36:52 --> Session: Class initialized using 'CodeIgniter\Session\Handlers\FileHandler' driver.
INFO - 2024-07-17 15:36:56 --> Session: Class initialized using 'CodeIgniter\Session\Handlers\FileHandler' driver.
INFO - 2024-07-17 15:36:59 --> Session: Class initialized using 'CodeIgniter\Session\Handlers\FileHandler' driver.
INFO - 2024-07-17 15:37:00 --> Session: Class initialized using 'CodeIgniter\Session\Handlers\FileHandler' driver.
INFO - 2024-07-17 15:37:01 --> Session: Class initialized using 'CodeIgniter\Session\Handlers\FileHandler' driver.
INFO - 2024-07-17 15:37:20 --> Session: Class initialized using 'CodeIgniter\Session\Handlers\FileHandler' driver.
INFO - 2024-07-17 15:37:43 --> Session: Class initialized using 'CodeIgniter\Session\Handlers\FileHandler' driver.
INFO - 2024-07-17 15:38:08 --> Session: Class initialized using 'CodeIgniter\Session\Handlers\FileHandler' driver.
INFO - 2024-07-17 15:38:15 --> Session: Class initialized using 'CodeIgniter\Session\Handlers\FileHandler' driver.
INFO - 2024-07-17 15:40:21 --> Session: Class initialized using 'CodeIgniter\Session\Handlers\FileHandler' driver.
INFO - 2024-07-17 15:40:22 --> Session: Class initialized using 'CodeIgniter\Session\Handlers\FileHandler' driver.
INFO - 2024-07-17 15:43:07 --> Session: Class initialized using 'CodeIgniter\Session\Handlers\FileHandler' driver.
INFO - 2024-07-17 16:10:26 --> Session: Class initialized using 'CodeIgniter\Session\Handlers\FileHandler' driver.
INFO - 2024-07-17 16:10:28 --> Session: Class initialized using 'CodeIgniter\Session\Handlers\FileHandler' driver.
INFO - 2024-07-17 16:10:36 --> Session: Class initialized using 'CodeIgniter\Session\Handlers\FileHandler' driver.
INFO - 2024-07-17 16:10:38 --> Session: Class initialized using 'CodeIgniter\Session\Handlers\FileHandler' driver.
INFO - 2024-07-17 16:12:11 --> Session: Class initialized using 'CodeIgniter\Session\Handlers\FileHandler' driver.
CRITICAL - 2024-07-17 16:12:11 --> ErrorException: Undefined array key "tanggal_masuk"
in APPPATH\Views\produk_masuk\list.php on line 60.
 1 APPPATH\Views\produk_masuk\list.php(60): CodeIgniter\Debug\Exceptions->errorHandler(2, 'Undefined array key "tanggal_masuk"', 'C:\\xampp\\htdocs\\lti-inventori\\app\\Views\\produk_masuk\\list.php', 60)
 2 SYSTEMPATH\View\View.php(228): include('C:\\xampp\\htdocs\\lti-inventori\\app\\Views\\produk_masuk\\list.php')
 3 SYSTEMPATH\View\View.php(231): CodeIgniter\View\View->CodeIgniter\View\{closure}()
 4 SYSTEMPATH\Common.php(1178): CodeIgniter\View\View->render('produk_masuk/list', [], true)
 5 APPPATH\Controllers\ProdukMasuk.php(22): view('produk_masuk/list')
 6 SYSTEMPATH\CodeIgniter.php(943): App\Controllers\ProdukMasuk->list()
 7 SYSTEMPATH\CodeIgniter.php(503): CodeIgniter\CodeIgniter->runController(Object(App\Controllers\ProdukMasuk))
 8 SYSTEMPATH\CodeIgniter.php(361): CodeIgniter\CodeIgniter->handleRequest(null, Object(Config\Cache), false)
 9 FCPATH\index.php(79): CodeIgniter\CodeIgniter->run()
INFO - 2024-07-17 16:12:22 --> Session: Class initialized using 'CodeIgniter\Session\Handlers\FileHandler' driver.
CRITICAL - 2024-07-17 16:12:22 --> ErrorException: Undefined array key "tgl_masuk"
in APPPATH\Views\produk_masuk\list.php on line 60.
 1 APPPATH\Views\produk_masuk\list.php(60): CodeIgniter\Debug\Exceptions->errorHandler(2, 'Undefined array key "tgl_masuk"', 'C:\\xampp\\htdocs\\lti-inventori\\app\\Views\\produk_masuk\\list.php', 60)
 2 SYSTEMPATH\View\View.php(228): include('C:\\xampp\\htdocs\\lti-inventori\\app\\Views\\produk_masuk\\list.php')
 3 SYSTEMPATH\View\View.php(231): CodeIgniter\View\View->CodeIgniter\View\{closure}()
 4 SYSTEMPATH\Common.php(1178): CodeIgniter\View\View->render('produk_masuk/list', [], true)
 5 APPPATH\Controllers\ProdukMasuk.php(22): view('produk_masuk/list')
 6 SYSTEMPATH\CodeIgniter.php(943): App\Controllers\ProdukMasuk->list()
 7 SYSTEMPATH\CodeIgniter.php(503): CodeIgniter\CodeIgniter->runController(Object(App\Controllers\ProdukMasuk))
 8 SYSTEMPATH\CodeIgniter.php(361): CodeIgniter\CodeIgniter->handleRequest(null, Object(Config\Cache), false)
 9 FCPATH\index.php(79): CodeIgniter\CodeIgniter->run()
INFO - 2024-07-17 16:13:15 --> Session: Class initialized using 'CodeIgniter\Session\Handlers\FileHandler' driver.
CRITICAL - 2024-07-17 16:13:15 --> ErrorException: Undefined array key 1
in APPPATH\Helpers\Date_Custom_helper.php on line 45.
 1 APPPATH\Helpers\Date_Custom_helper.php(45): CodeIgniter\Debug\Exceptions->errorHandler(2, 'Undefined array key 1', 'C:\\xampp\\htdocs\\lti-inventori\\app\\Helpers\\Date_Custom_helper.php', 45)
 2 APPPATH\Views\produk_masuk\list.php(60): format_indo('2024-07-10')
 3 SYSTEMPATH\View\View.php(228): include('C:\\xampp\\htdocs\\lti-inventori\\app\\Views\\produk_masuk\\list.php')
 4 SYSTEMPATH\View\View.php(231): CodeIgniter\View\View->CodeIgniter\View\{closure}()
 5 SYSTEMPATH\Common.php(1178): CodeIgniter\View\View->render('produk_masuk/list', [], true)
 6 APPPATH\Controllers\ProdukMasuk.php(22): view('produk_masuk/list')
 7 SYSTEMPATH\CodeIgniter.php(943): App\Controllers\ProdukMasuk->list()
 8 SYSTEMPATH\CodeIgniter.php(503): CodeIgniter\CodeIgniter->runController(Object(App\Controllers\ProdukMasuk))
 9 SYSTEMPATH\CodeIgniter.php(361): CodeIgniter\CodeIgniter->handleRequest(null, Object(Config\Cache), false)
10 FCPATH\index.php(79): CodeIgniter\CodeIgniter->run()
INFO - 2024-07-17 16:14:03 --> Session: Class initialized using 'CodeIgniter\Session\Handlers\FileHandler' driver.
INFO - 2024-07-17 16:14:37 --> Session: Class initialized using 'CodeIgniter\Session\Handlers\FileHandler' driver.
INFO - 2024-07-17 16:15:03 --> Session: Class initialized using 'CodeIgniter\Session\Handlers\FileHandler' driver.
INFO - 2024-07-17 16:15:19 --> Session: Class initialized using 'CodeIgniter\Session\Handlers\FileHandler' driver.
INFO - 2024-07-17 16:15:22 --> Session: Class initialized using 'CodeIgniter\Session\Handlers\FileHandler' driver.
INFO - 2024-07-17 16:15:26 --> Session: Class initialized using 'CodeIgniter\Session\Handlers\FileHandler' driver.
INFO - 2024-07-17 16:15:29 --> Session: Class initialized using 'CodeIgniter\Session\Handlers\FileHandler' driver.
INFO - 2024-07-17 16:16:22 --> Session: Class initialized using 'CodeIgniter\Session\Handlers\FileHandler' driver.
INFO - 2024-07-17 16:16:45 --> Session: Class initialized using 'CodeIgniter\Session\Handlers\FileHandler' driver.
INFO - 2024-07-17 16:31:47 --> Session: Class initialized using 'CodeIgniter\Session\Handlers\FileHandler' driver.
CRITICAL - 2024-07-17 16:31:47 --> ErrorException: Undefined variable $item
in APPPATH\Views\produk_masuk\add.php on line 167.
 1 APPPATH\Views\produk_masuk\add.php(167): CodeIgniter\Debug\Exceptions->errorHandler(2, 'Undefined variable $item', 'C:\\xampp\\htdocs\\lti-inventori\\app\\Views\\produk_masuk\\add.php', 167)
 2 SYSTEMPATH\View\View.php(228): include('C:\\xampp\\htdocs\\lti-inventori\\app\\Views\\produk_masuk\\add.php')
 3 SYSTEMPATH\View\View.php(231): CodeIgniter\View\View->CodeIgniter\View\{closure}()
 4 SYSTEMPATH\Common.php(1178): CodeIgniter\View\View->render('produk_masuk/add', [], true)
 5 APPPATH\Controllers\ProdukMasuk.php(37): view('produk_masuk/add')
 6 SYSTEMPATH\CodeIgniter.php(943): App\Controllers\ProdukMasuk->add()
 7 SYSTEMPATH\CodeIgniter.php(503): CodeIgniter\CodeIgniter->runController(Object(App\Controllers\ProdukMasuk))
 8 SYSTEMPATH\CodeIgniter.php(361): CodeIgniter\CodeIgniter->handleRequest(null, Object(Config\Cache), false)
 9 FCPATH\index.php(79): CodeIgniter\CodeIgniter->run()
INFO - 2024-07-17 16:32:12 --> Session: Class initialized using 'CodeIgniter\Session\Handlers\FileHandler' driver.
INFO - 2024-07-17 16:32:29 --> Session: Class initialized using 'CodeIgniter\Session\Handlers\FileHandler' driver.
INFO - 2024-07-17 16:32:38 --> Session: Class initialized using 'CodeIgniter\Session\Handlers\FileHandler' driver.
ERROR - 2024-07-17 16:32:38 --> mysqli_sql_exception: Duplicate entry '1234321POLS' for key 'item_nomor_seri_unique' in C:\xampp\htdocs\lti-inventori\vendor\codeigniter4\framework\system\Database\MySQLi\Connection.php:306
Stack trace:
#0 C:\xampp\htdocs\lti-inventori\vendor\codeigniter4\framework\system\Database\MySQLi\Connection.php(306): mysqli->query('INSERT INTO `it...', 0)
#1 C:\xampp\htdocs\lti-inventori\vendor\codeigniter4\framework\system\Database\BaseConnection.php(693): CodeIgniter\Database\MySQLi\Connection->execute('INSERT INTO `it...')
#2 C:\xampp\htdocs\lti-inventori\vendor\codeigniter4\framework\system\Database\BaseConnection.php(607): CodeIgniter\Database\BaseConnection->simpleQuery('INSERT INTO `it...')
#3 C:\xampp\htdocs\lti-inventori\vendor\codeigniter4\framework\system\Database\BaseBuilder.php(2307): CodeIgniter\Database\BaseConnection->query('INSERT INTO `it...', Array, false)
#4 C:\xampp\htdocs\lti-inventori\vendor\codeigniter4\framework\system\Model.php(327): CodeIgniter\Database\BaseBuilder->insert()
#5 C:\xampp\htdocs\lti-inventori\vendor\codeigniter4\framework\system\BaseModel.php(802): CodeIgniter\Model->doInsert(Array)
#6 C:\xampp\htdocs\lti-inventori\vendor\codeigniter4\framework\system\Model.php(749): CodeIgniter\BaseModel->insert(Array, true)
#7 C:\xampp\htdocs\lti-inventori\app\Controllers\ProdukMasuk.php(58): CodeIgniter\Model->insert(Array)
#8 C:\xampp\htdocs\lti-inventori\vendor\codeigniter4\framework\system\CodeIgniter.php(943): App\Controllers\ProdukMasuk->post()
#9 C:\xampp\htdocs\lti-inventori\vendor\codeigniter4\framework\system\CodeIgniter.php(503): CodeIgniter\CodeIgniter->runController(Object(App\Controllers\ProdukMasuk))
#10 C:\xampp\htdocs\lti-inventori\vendor\codeigniter4\framework\system\CodeIgniter.php(361): CodeIgniter\CodeIgniter->handleRequest(NULL, Object(Config\Cache), false)
#11 C:\xampp\htdocs\lti-inventori\public\index.php(79): CodeIgniter\CodeIgniter->run()
#12 {main}
CRITICAL - 2024-07-17 16:32:38 --> CodeIgniter\Database\Exceptions\DatabaseException: Duplicate entry '1234321POLS' for key 'item_nomor_seri_unique'
in SYSTEMPATH\Database\BaseConnection.php on line 647.
 1 SYSTEMPATH\Database\BaseBuilder.php(2307): CodeIgniter\Database\BaseConnection->query('INSERT INTO `item` (`id_item_po`, `tgl_masuk`, `nomor_seri`, `alamat_mac`, `ditambahkan_oleh`, `status`) VALUES (:id_item_po:, :tgl_masuk:, :nomor_seri:, :alamat_mac:, :ditambahkan_oleh:, :status:)', [...], false)
 2 SYSTEMPATH\Model.php(327): CodeIgniter\Database\BaseBuilder->insert()
 3 SYSTEMPATH\BaseModel.php(802): CodeIgniter\Model->doInsert([...])
 4 SYSTEMPATH\Model.php(749): CodeIgniter\BaseModel->insert([...], true)
 5 APPPATH\Controllers\ProdukMasuk.php(58): CodeIgniter\Model->insert([...])
 6 SYSTEMPATH\CodeIgniter.php(943): App\Controllers\ProdukMasuk->post()
 7 SYSTEMPATH\CodeIgniter.php(503): CodeIgniter\CodeIgniter->runController(Object(App\Controllers\ProdukMasuk))
 8 SYSTEMPATH\CodeIgniter.php(361): CodeIgniter\CodeIgniter->handleRequest(null, Object(Config\Cache), false)
 9 FCPATH\index.php(79): CodeIgniter\CodeIgniter->run()
CRITICAL - 2024-07-17 16:32:38 --> [Caused by] CodeIgniter\Database\Exceptions\DatabaseException: Duplicate entry '1234321POLS' for key 'item_nomor_seri_unique'
in SYSTEMPATH\Database\MySQLi\Connection.php on line 311.
 1 SYSTEMPATH\Database\BaseConnection.php(693): CodeIgniter\Database\MySQLi\Connection->execute('INSERT INTO `item` (`id_item_po`, `tgl_masuk`, `nomor_seri`, `alamat_mac`, `ditambahkan_oleh`, `status`) VALUES (\'8\', \'2024-07-17\', \'1234321POLS\', \'Sentosa Raya\', \'3\', \'1\')')
 2 SYSTEMPATH\Database\BaseConnection.php(607): CodeIgniter\Database\BaseConnection->simpleQuery('INSERT INTO `item` (`id_item_po`, `tgl_masuk`, `nomor_seri`, `alamat_mac`, `ditambahkan_oleh`, `status`) VALUES (\'8\', \'2024-07-17\', \'1234321POLS\', \'Sentosa Raya\', \'3\', \'1\')')
 3 SYSTEMPATH\Database\BaseBuilder.php(2307): CodeIgniter\Database\BaseConnection->query('INSERT INTO `item` (`id_item_po`, `tgl_masuk`, `nomor_seri`, `alamat_mac`, `ditambahkan_oleh`, `status`) VALUES (:id_item_po:, :tgl_masuk:, :nomor_seri:, :alamat_mac:, :ditambahkan_oleh:, :status:)', [...], false)
 4 SYSTEMPATH\Model.php(327): CodeIgniter\Database\BaseBuilder->insert()
 5 SYSTEMPATH\BaseModel.php(802): CodeIgniter\Model->doInsert([...])
 6 SYSTEMPATH\Model.php(749): CodeIgniter\BaseModel->insert([...], true)
 7 APPPATH\Controllers\ProdukMasuk.php(58): CodeIgniter\Model->insert([...])
 8 SYSTEMPATH\CodeIgniter.php(943): App\Controllers\ProdukMasuk->post()
 9 SYSTEMPATH\CodeIgniter.php(503): CodeIgniter\CodeIgniter->runController(Object(App\Controllers\ProdukMasuk))
10 SYSTEMPATH\CodeIgniter.php(361): CodeIgniter\CodeIgniter->handleRequest(null, Object(Config\Cache), false)
11 FCPATH\index.php(79): CodeIgniter\CodeIgniter->run()
CRITICAL - 2024-07-17 16:32:38 --> [Caused by] mysqli_sql_exception: Duplicate entry '1234321POLS' for key 'item_nomor_seri_unique'
in SYSTEMPATH\Database\MySQLi\Connection.php on line 306.
 1 SYSTEMPATH\Database\MySQLi\Connection.php(306): mysqli->query('INSERT INTO `item` (`id_item_po`, `tgl_masuk`, `nomor_seri`, `alamat_mac`, `ditambahkan_oleh`, `status`) VALUES (\'8\', \'2024-07-17\', \'1234321POLS\', \'Sentosa Raya\', \'3\', \'1\')', 0)
 2 SYSTEMPATH\Database\BaseConnection.php(693): CodeIgniter\Database\MySQLi\Connection->execute('INSERT INTO `item` (`id_item_po`, `tgl_masuk`, `nomor_seri`, `alamat_mac`, `ditambahkan_oleh`, `status`) VALUES (\'8\', \'2024-07-17\', \'1234321POLS\', \'Sentosa Raya\', \'3\', \'1\')')
 3 SYSTEMPATH\Database\BaseConnection.php(607): CodeIgniter\Database\BaseConnection->simpleQuery('INSERT INTO `item` (`id_item_po`, `tgl_masuk`, `nomor_seri`, `alamat_mac`, `ditambahkan_oleh`, `status`) VALUES (\'8\', \'2024-07-17\', \'1234321POLS\', \'Sentosa Raya\', \'3\', \'1\')')
 4 SYSTEMPATH\Database\BaseBuilder.php(2307): CodeIgniter\Database\BaseConnection->query('INSERT INTO `item` (`id_item_po`, `tgl_masuk`, `nomor_seri`, `alamat_mac`, `ditambahkan_oleh`, `status`) VALUES (:id_item_po:, :tgl_masuk:, :nomor_seri:, :alamat_mac:, :ditambahkan_oleh:, :status:)', [...], false)
 5 SYSTEMPATH\Model.php(327): CodeIgniter\Database\BaseBuilder->insert()
 6 SYSTEMPATH\BaseModel.php(802): CodeIgniter\Model->doInsert([...])
 7 SYSTEMPATH\Model.php(749): CodeIgniter\BaseModel->insert([...], true)
 8 APPPATH\Controllers\ProdukMasuk.php(58): CodeIgniter\Model->insert([...])
 9 SYSTEMPATH\CodeIgniter.php(943): App\Controllers\ProdukMasuk->post()
10 SYSTEMPATH\CodeIgniter.php(503): CodeIgniter\CodeIgniter->runController(Object(App\Controllers\ProdukMasuk))
11 SYSTEMPATH\CodeIgniter.php(361): CodeIgniter\CodeIgniter->handleRequest(null, Object(Config\Cache), false)
12 FCPATH\index.php(79): CodeIgniter\CodeIgniter->run()
INFO - 2024-07-17 16:32:45 --> Session: Class initialized using 'CodeIgniter\Session\Handlers\FileHandler' driver.
INFO - 2024-07-17 16:32:47 --> Session: Class initialized using 'CodeIgniter\Session\Handlers\FileHandler' driver.
